{"C:\\Users\\reno_\\OneDrive\\Desktop\\backend-app\\src\\app.js": {"path":"C:\\Users\\reno_\\OneDrive\\Desktop\\backend-app\\src\\app.js","statementMap":{"0":{"start":{"line":187,"column":0},"end":{"line":187,"column":26}},"1":{"start":{"line":188,"column":16},"end":{"line":188,"column":34}},"2":{"start":{"line":189,"column":12},"end":{"line":189,"column":21}},"3":{"start":{"line":190,"column":13},"end":{"line":190,"column":28}},"4":{"start":{"line":191,"column":15},"end":{"line":191,"column":32}},"5":{"start":{"line":194,"column":18},"end":{"line":194,"column":47}},"6":{"start":{"line":196,"column":16},"end":{"line":196,"column":48}},"7":{"start":{"line":199,"column":16},"end":{"line":203,"column":2}},"8":{"start":{"line":206,"column":0},"end":{"line":206,"column":23}},"9":{"start":{"line":207,"column":0},"end":{"line":207,"column":15}},"10":{"start":{"line":208,"column":0},"end":{"line":208,"column":17}},"11":{"start":{"line":209,"column":0},"end":{"line":209,"column":16}},"12":{"start":{"line":210,"column":0},"end":{"line":210,"column":14}},"13":{"start":{"line":211,"column":0},"end":{"line":215,"column":2}},"14":{"start":{"line":212,"column":19},"end":{"line":212,"column":61}},"15":{"start":{"line":213,"column":2},"end":{"line":213,"column":34}},"16":{"start":{"line":213,"column":16},"end":{"line":213,"column":34}},"17":{"start":{"line":214,"column":2},"end":{"line":214,"column":8}},"18":{"start":{"line":218,"column":19},"end":{"line":218,"column":50}},"19":{"start":{"line":219,"column":19},"end":{"line":219,"column":50}},"20":{"start":{"line":220,"column":22},"end":{"line":220,"column":56}},"21":{"start":{"line":221,"column":20},"end":{"line":221,"column":52}},"22":{"start":{"line":223,"column":0},"end":{"line":223,"column":32}},"23":{"start":{"line":224,"column":0},"end":{"line":224,"column":32}},"24":{"start":{"line":225,"column":0},"end":{"line":225,"column":39}},"25":{"start":{"line":226,"column":0},"end":{"line":226,"column":34}},"26":{"start":{"line":228,"column":0},"end":{"line":230,"column":2}},"27":{"start":{"line":229,"column":2},"end":{"line":229,"column":45}},"28":{"start":{"line":232,"column":0},"end":{"line":232,"column":20}}},"fnMap":{"0":{"name":"(anonymous_0)","decl":{"start":{"line":211,"column":8},"end":{"line":211,"column":9}},"loc":{"start":{"line":211,"column":28},"end":{"line":215,"column":1}},"line":211},"1":{"name":"(anonymous_1)","decl":{"start":{"line":228,"column":13},"end":{"line":228,"column":14}},"loc":{"start":{"line":228,"column":27},"end":{"line":230,"column":1}},"line":228}},"branchMap":{"0":{"loc":{"start":{"line":213,"column":2},"end":{"line":213,"column":34}},"type":"if","locations":[{"start":{"line":213,"column":2},"end":{"line":213,"column":34}},{"start":{},"end":{}}],"line":213}},"s":{"0":2,"1":2,"2":2,"3":2,"4":2,"5":2,"6":2,"7":2,"8":2,"9":2,"10":2,"11":2,"12":2,"13":2,"14":8,"15":8,"16":7,"17":8,"18":2,"19":2,"20":2,"21":2,"22":2,"23":2,"24":2,"25":2,"26":2,"27":0,"28":2},"f":{"0":8,"1":0},"b":{"0":[7,1]},"_coverageSchema":"1a1c01bbd47fc00a2c39e90264f33305004495a9","hash":"61ff7ae30fdc3514e6c39c49d6d3843494ec3d66"}
,"C:\\Users\\reno_\\OneDrive\\Desktop\\backend-app\\src\\controllers\\auth.controller.js": {"path":"C:\\Users\\reno_\\OneDrive\\Desktop\\backend-app\\src\\controllers\\auth.controller.js","statementMap":{"0":{"start":{"line":117,"column":12},"end":{"line":117,"column":35}},"1":{"start":{"line":118,"column":15},"end":{"line":118,"column":32}},"2":{"start":{"line":119,"column":13},"end":{"line":119,"column":38}},"3":{"start":{"line":121,"column":0},"end":{"line":149,"column":1}},"4":{"start":{"line":122,"column":40},"end":{"line":122,"column":48}},"5":{"start":{"line":124,"column":2},"end":{"line":148,"column":3}},"6":{"start":{"line":126,"column":4},"end":{"line":128,"column":5}},"7":{"start":{"line":127,"column":6},"end":{"line":127,"column":83}},"8":{"start":{"line":131,"column":26},"end":{"line":131,"column":55}},"9":{"start":{"line":132,"column":4},"end":{"line":134,"column":5}},"10":{"start":{"line":133,"column":6},"end":{"line":133,"column":78}},"11":{"start":{"line":137,"column":17},"end":{"line":137,"column":41}},"12":{"start":{"line":138,"column":27},"end":{"line":138,"column":60}},"13":{"start":{"line":141,"column":25},"end":{"line":141,"column":80}},"14":{"start":{"line":142,"column":4},"end":{"line":142,"column":29}},"15":{"start":{"line":144,"column":4},"end":{"line":144,"column":69}},"16":{"start":{"line":146,"column":4},"end":{"line":146,"column":54}},"17":{"start":{"line":147,"column":4},"end":{"line":147,"column":59}},"18":{"start":{"line":151,"column":0},"end":{"line":188,"column":1}},"19":{"start":{"line":152,"column":30},"end":{"line":152,"column":38}},"20":{"start":{"line":154,"column":2},"end":{"line":187,"column":3}},"21":{"start":{"line":156,"column":4},"end":{"line":158,"column":5}},"22":{"start":{"line":157,"column":6},"end":{"line":157,"column":83}},"23":{"start":{"line":161,"column":17},"end":{"line":161,"column":46}},"24":{"start":{"line":162,"column":4},"end":{"line":164,"column":5}},"25":{"start":{"line":163,"column":6},"end":{"line":163,"column":82}},"26":{"start":{"line":167,"column":20},"end":{"line":167,"column":65}},"27":{"start":{"line":168,"column":4},"end":{"line":170,"column":5}},"28":{"start":{"line":169,"column":6},"end":{"line":169,"column":82}},"29":{"start":{"line":173,"column":18},"end":{"line":181,"column":5}},"30":{"start":{"line":183,"column":4},"end":{"line":183,"column":29}},"31":{"start":{"line":185,"column":4},"end":{"line":185,"column":51}},"32":{"start":{"line":186,"column":4},"end":{"line":186,"column":59}}},"fnMap":{"0":{"name":"(anonymous_0)","decl":{"start":{"line":121,"column":19},"end":{"line":121,"column":20}},"loc":{"start":{"line":121,"column":39},"end":{"line":149,"column":1}},"line":121},"1":{"name":"(anonymous_1)","decl":{"start":{"line":151,"column":16},"end":{"line":151,"column":17}},"loc":{"start":{"line":151,"column":36},"end":{"line":188,"column":1}},"line":151}},"branchMap":{"0":{"loc":{"start":{"line":126,"column":4},"end":{"line":128,"column":5}},"type":"if","locations":[{"start":{"line":126,"column":4},"end":{"line":128,"column":5}},{"start":{},"end":{}}],"line":126},"1":{"loc":{"start":{"line":126,"column":8},"end":{"line":126,"column":40}},"type":"binary-expr","locations":[{"start":{"line":126,"column":8},"end":{"line":126,"column":17}},{"start":{"line":126,"column":21},"end":{"line":126,"column":27}},{"start":{"line":126,"column":31},"end":{"line":126,"column":40}}],"line":126},"2":{"loc":{"start":{"line":132,"column":4},"end":{"line":134,"column":5}},"type":"if","locations":[{"start":{"line":132,"column":4},"end":{"line":134,"column":5}},{"start":{},"end":{}}],"line":132},"3":{"loc":{"start":{"line":156,"column":4},"end":{"line":158,"column":5}},"type":"if","locations":[{"start":{"line":156,"column":4},"end":{"line":158,"column":5}},{"start":{},"end":{}}],"line":156},"4":{"loc":{"start":{"line":156,"column":8},"end":{"line":156,"column":27}},"type":"binary-expr","locations":[{"start":{"line":156,"column":8},"end":{"line":156,"column":14}},{"start":{"line":156,"column":18},"end":{"line":156,"column":27}}],"line":156},"5":{"loc":{"start":{"line":162,"column":4},"end":{"line":164,"column":5}},"type":"if","locations":[{"start":{"line":162,"column":4},"end":{"line":164,"column":5}},{"start":{},"end":{}}],"line":162},"6":{"loc":{"start":{"line":168,"column":4},"end":{"line":170,"column":5}},"type":"if","locations":[{"start":{"line":168,"column":4},"end":{"line":170,"column":5}},{"start":{},"end":{}}],"line":168}},"s":{"0":2,"1":2,"2":2,"3":2,"4":5,"5":5,"6":5,"7":0,"8":5,"9":5,"10":1,"11":4,"12":4,"13":4,"14":4,"15":4,"16":0,"17":0,"18":2,"19":2,"20":2,"21":2,"22":0,"23":2,"24":2,"25":0,"26":2,"27":2,"28":1,"29":1,"30":1,"31":0,"32":0},"f":{"0":5,"1":2},"b":{"0":[0,5],"1":[5,5,5],"2":[1,4],"3":[0,2],"4":[2,2],"5":[0,2],"6":[1,1]},"_coverageSchema":"1a1c01bbd47fc00a2c39e90264f33305004495a9","hash":"6df2a89c1f6599ac8c48511d12c40bcdfb9cfceb"}
,"C:\\Users\\reno_\\OneDrive\\Desktop\\backend-app\\src\\controllers\\service.controller.js": {"path":"C:\\Users\\reno_\\OneDrive\\Desktop\\backend-app\\src\\controllers\\service.controller.js","statementMap":{"0":{"start":{"line":176,"column":29},"end":{"line":176,"column":57}},"1":{"start":{"line":177,"column":16},"end":{"line":177,"column":44}},"2":{"start":{"line":179,"column":0},"end":{"line":195,"column":1}},"3":{"start":{"line":180,"column":17},"end":{"line":180,"column":38}},"4":{"start":{"line":181,"column":2},"end":{"line":183,"column":3}},"5":{"start":{"line":182,"column":4},"end":{"line":182,"column":59}},"6":{"start":{"line":185,"column":2},"end":{"line":194,"column":3}},"7":{"start":{"line":186,"column":20},"end":{"line":189,"column":6}},"8":{"start":{"line":190,"column":18},"end":{"line":190,"column":38}},"9":{"start":{"line":191,"column":4},"end":{"line":191,"column":31}},"10":{"start":{"line":193,"column":4},"end":{"line":193,"column":67}},"11":{"start":{"line":197,"column":0},"end":{"line":204,"column":1}},"12":{"start":{"line":198,"column":2},"end":{"line":203,"column":3}},"13":{"start":{"line":199,"column":21},"end":{"line":199,"column":77}},"14":{"start":{"line":200,"column":4},"end":{"line":200,"column":22}},"15":{"start":{"line":202,"column":4},"end":{"line":202,"column":67}},"16":{"start":{"line":206,"column":0},"end":{"line":215,"column":1}},"17":{"start":{"line":207,"column":2},"end":{"line":214,"column":3}},"18":{"start":{"line":208,"column":20},"end":{"line":208,"column":57}},"19":{"start":{"line":209,"column":4},"end":{"line":211,"column":67}},"20":{"start":{"line":213,"column":4},"end":{"line":213,"column":69}},"21":{"start":{"line":217,"column":0},"end":{"line":239,"column":1}},"22":{"start":{"line":218,"column":17},"end":{"line":218,"column":38}},"23":{"start":{"line":219,"column":2},"end":{"line":221,"column":3}},"24":{"start":{"line":220,"column":4},"end":{"line":220,"column":59}},"25":{"start":{"line":223,"column":2},"end":{"line":238,"column":3}},"26":{"start":{"line":224,"column":20},"end":{"line":224,"column":57}},"27":{"start":{"line":225,"column":4},"end":{"line":227,"column":5}},"28":{"start":{"line":226,"column":6},"end":{"line":226,"column":72}},"29":{"start":{"line":230,"column":4},"end":{"line":232,"column":5}},"30":{"start":{"line":231,"column":6},"end":{"line":231,"column":96}},"31":{"start":{"line":234,"column":20},"end":{"line":234,"column":91}},"32":{"start":{"line":235,"column":4},"end":{"line":235,"column":21}},"33":{"start":{"line":237,"column":4},"end":{"line":237,"column":60}},"34":{"start":{"line":241,"column":0},"end":{"line":258,"column":1}},"35":{"start":{"line":242,"column":2},"end":{"line":257,"column":3}},"36":{"start":{"line":243,"column":20},"end":{"line":243,"column":57}},"37":{"start":{"line":244,"column":4},"end":{"line":246,"column":5}},"38":{"start":{"line":245,"column":6},"end":{"line":245,"column":72}},"39":{"start":{"line":249,"column":4},"end":{"line":251,"column":5}},"40":{"start":{"line":250,"column":6},"end":{"line":250,"column":95}},"41":{"start":{"line":253,"column":4},"end":{"line":253,"column":29}},"42":{"start":{"line":254,"column":4},"end":{"line":254,"column":47}},"43":{"start":{"line":256,"column":4},"end":{"line":256,"column":58}}},"fnMap":{"0":{"name":"(anonymous_0)","decl":{"start":{"line":179,"column":24},"end":{"line":179,"column":25}},"loc":{"start":{"line":179,"column":44},"end":{"line":195,"column":1}},"line":179},"1":{"name":"(anonymous_1)","decl":{"start":{"line":197,"column":25},"end":{"line":197,"column":26}},"loc":{"start":{"line":197,"column":45},"end":{"line":204,"column":1}},"line":197},"2":{"name":"(anonymous_2)","decl":{"start":{"line":206,"column":25},"end":{"line":206,"column":26}},"loc":{"start":{"line":206,"column":45},"end":{"line":215,"column":1}},"line":206},"3":{"name":"(anonymous_3)","decl":{"start":{"line":217,"column":24},"end":{"line":217,"column":25}},"loc":{"start":{"line":217,"column":44},"end":{"line":239,"column":1}},"line":217},"4":{"name":"(anonymous_4)","decl":{"start":{"line":241,"column":24},"end":{"line":241,"column":25}},"loc":{"start":{"line":241,"column":44},"end":{"line":258,"column":1}},"line":241}},"branchMap":{"0":{"loc":{"start":{"line":181,"column":2},"end":{"line":183,"column":3}},"type":"if","locations":[{"start":{"line":181,"column":2},"end":{"line":183,"column":3}},{"start":{},"end":{}}],"line":181},"1":{"loc":{"start":{"line":209,"column":4},"end":{"line":211,"column":67}},"type":"cond-expr","locations":[{"start":{"line":210,"column":8},"end":{"line":210,"column":25}},{"start":{"line":211,"column":8},"end":{"line":211,"column":67}}],"line":209},"2":{"loc":{"start":{"line":219,"column":2},"end":{"line":221,"column":3}},"type":"if","locations":[{"start":{"line":219,"column":2},"end":{"line":221,"column":3}},{"start":{},"end":{}}],"line":219},"3":{"loc":{"start":{"line":225,"column":4},"end":{"line":227,"column":5}},"type":"if","locations":[{"start":{"line":225,"column":4},"end":{"line":227,"column":5}},{"start":{},"end":{}}],"line":225},"4":{"loc":{"start":{"line":230,"column":4},"end":{"line":232,"column":5}},"type":"if","locations":[{"start":{"line":230,"column":4},"end":{"line":232,"column":5}},{"start":{},"end":{}}],"line":230},"5":{"loc":{"start":{"line":230,"column":8},"end":{"line":230,"column":90}},"type":"binary-expr","locations":[{"start":{"line":230,"column":8},"end":{"line":230,"column":56}},{"start":{"line":230,"column":60},"end":{"line":230,"column":90}}],"line":230},"6":{"loc":{"start":{"line":244,"column":4},"end":{"line":246,"column":5}},"type":"if","locations":[{"start":{"line":244,"column":4},"end":{"line":246,"column":5}},{"start":{},"end":{}}],"line":244},"7":{"loc":{"start":{"line":249,"column":4},"end":{"line":251,"column":5}},"type":"if","locations":[{"start":{"line":249,"column":4},"end":{"line":251,"column":5}},{"start":{},"end":{}}],"line":249},"8":{"loc":{"start":{"line":249,"column":8},"end":{"line":249,"column":90}},"type":"binary-expr","locations":[{"start":{"line":249,"column":8},"end":{"line":249,"column":56}},{"start":{"line":249,"column":60},"end":{"line":249,"column":90}}],"line":249}},"s":{"0":3,"1":3,"2":3,"3":1,"4":1,"5":0,"6":1,"7":1,"8":1,"9":1,"10":0,"11":3,"12":1,"13":1,"14":1,"15":0,"16":3,"17":0,"18":0,"19":0,"20":0,"21":3,"22":0,"23":0,"24":0,"25":0,"26":0,"27":0,"28":0,"29":0,"30":0,"31":0,"32":0,"33":0,"34":3,"35":0,"36":0,"37":0,"38":0,"39":0,"40":0,"41":0,"42":0,"43":0},"f":{"0":1,"1":1,"2":0,"3":0,"4":0},"b":{"0":[0,1],"1":[0,0],"2":[0,0],"3":[0,0],"4":[0,0],"5":[0,0],"6":[0,0],"7":[0,0],"8":[0,0]},"_coverageSchema":"1a1c01bbd47fc00a2c39e90264f33305004495a9","hash":"8efac5e5d2556ec9798b5e41e09bb6b8a7656156"}
,"C:\\Users\\reno_\\OneDrive\\Desktop\\backend-app\\src\\middlewares\\auth.middleware.js": {"path":"C:\\Users\\reno_\\OneDrive\\Desktop\\backend-app\\src\\middlewares\\auth.middleware.js","statementMap":{"0":{"start":{"line":1,"column":12},"end":{"line":1,"column":35}},"1":{"start":{"line":3,"column":26},"end":{"line":18,"column":1}},"2":{"start":{"line":4,"column":21},"end":{"line":4,"column":46}},"3":{"start":{"line":5,"column":16},"end":{"line":5,"column":54}},"4":{"start":{"line":7,"column":2},"end":{"line":9,"column":3}},"5":{"start":{"line":8,"column":4},"end":{"line":8,"column":70}},"6":{"start":{"line":11,"column":2},"end":{"line":17,"column":3}},"7":{"start":{"line":12,"column":20},"end":{"line":12,"column":61}},"8":{"start":{"line":13,"column":4},"end":{"line":13,"column":22}},"9":{"start":{"line":14,"column":4},"end":{"line":14,"column":10}},"10":{"start":{"line":16,"column":4},"end":{"line":16,"column":73}},"11":{"start":{"line":20,"column":0},"end":{"line":20,"column":34}}},"fnMap":{"0":{"name":"(anonymous_0)","decl":{"start":{"line":3,"column":26},"end":{"line":3,"column":27}},"loc":{"start":{"line":3,"column":46},"end":{"line":18,"column":1}},"line":3}},"branchMap":{"0":{"loc":{"start":{"line":5,"column":16},"end":{"line":5,"column":54}},"type":"binary-expr","locations":[{"start":{"line":5,"column":16},"end":{"line":5,"column":26}},{"start":{"line":5,"column":30},"end":{"line":5,"column":54}}],"line":5},"1":{"loc":{"start":{"line":7,"column":2},"end":{"line":9,"column":3}},"type":"if","locations":[{"start":{"line":7,"column":2},"end":{"line":9,"column":3}},{"start":{},"end":{}}],"line":7}},"s":{"0":2,"1":2,"2":1,"3":1,"4":1,"5":0,"6":1,"7":1,"8":1,"9":1,"10":0,"11":2},"f":{"0":1},"b":{"0":[1,1],"1":[0,1]},"_coverageSchema":"1a1c01bbd47fc00a2c39e90264f33305004495a9","hash":"7814012119e2f1322faf63f380355278e66bac1e"}
,"C:\\Users\\reno_\\OneDrive\\Desktop\\backend-app\\src\\middlewares\\handle.Validation.js": {"path":"C:\\Users\\reno_\\OneDrive\\Desktop\\backend-app\\src\\middlewares\\handle.Validation.js","statementMap":{"0":{"start":{"line":1,"column":29},"end":{"line":1,"column":57}},"1":{"start":{"line":3,"column":0},"end":{"line":9,"column":1}},"2":{"start":{"line":4,"column":17},"end":{"line":4,"column":38}},"3":{"start":{"line":5,"column":2},"end":{"line":7,"column":3}},"4":{"start":{"line":6,"column":4},"end":{"line":6,"column":59}},"5":{"start":{"line":8,"column":2},"end":{"line":8,"column":8}}},"fnMap":{"0":{"name":"handleValidation","decl":{"start":{"line":3,"column":26},"end":{"line":3,"column":42}},"loc":{"start":{"line":3,"column":60},"end":{"line":9,"column":1}},"line":3}},"branchMap":{"0":{"loc":{"start":{"line":5,"column":2},"end":{"line":7,"column":3}},"type":"if","locations":[{"start":{"line":5,"column":2},"end":{"line":7,"column":3}},{"start":{},"end":{}}],"line":5}},"s":{"0":2,"1":2,"2":0,"3":0,"4":0,"5":0},"f":{"0":0},"b":{"0":[0,0]},"_coverageSchema":"1a1c01bbd47fc00a2c39e90264f33305004495a9","hash":"979d2a844ee9425fab4f7b32f3471006196dee60"}
,"C:\\Users\\reno_\\OneDrive\\Desktop\\backend-app\\src\\middlewares\\role.middleware.js": {"path":"C:\\Users\\reno_\\OneDrive\\Desktop\\backend-app\\src\\middlewares\\role.middleware.js","statementMap":{"0":{"start":{"line":2,"column":23},"end":{"line":10,"column":1}},"1":{"start":{"line":3,"column":2},"end":{"line":9,"column":3}},"2":{"start":{"line":4,"column":21},"end":{"line":4,"column":34}},"3":{"start":{"line":5,"column":4},"end":{"line":7,"column":5}},"4":{"start":{"line":6,"column":6},"end":{"line":6,"column":84}},"5":{"start":{"line":8,"column":4},"end":{"line":8,"column":10}},"6":{"start":{"line":12,"column":0},"end":{"line":12,"column":31}}},"fnMap":{"0":{"name":"(anonymous_0)","decl":{"start":{"line":2,"column":23},"end":{"line":2,"column":24}},"loc":{"start":{"line":2,"column":44},"end":{"line":10,"column":1}},"line":2},"1":{"name":"(anonymous_1)","decl":{"start":{"line":3,"column":9},"end":{"line":3,"column":10}},"loc":{"start":{"line":3,"column":29},"end":{"line":9,"column":3}},"line":3}},"branchMap":{"0":{"loc":{"start":{"line":5,"column":4},"end":{"line":7,"column":5}},"type":"if","locations":[{"start":{"line":5,"column":4},"end":{"line":7,"column":5}},{"start":{},"end":{}}],"line":5}},"s":{"0":2,"1":6,"2":0,"3":0,"4":0,"5":0,"6":2},"f":{"0":6,"1":0},"b":{"0":[0,0]},"_coverageSchema":"1a1c01bbd47fc00a2c39e90264f33305004495a9","hash":"23caa32574f8852e22f08a668c867fe7cdd2d3f5"}
,"C:\\Users\\reno_\\OneDrive\\Desktop\\backend-app\\src\\middlewares\\verifyRole.js": {"path":"C:\\Users\\reno_\\OneDrive\\Desktop\\backend-app\\src\\middlewares\\verifyRole.js","statementMap":{"0":{"start":{"line":1,"column":0},"end":{"line":9,"column":1}},"1":{"start":{"line":2,"column":2},"end":{"line":8,"column":3}},"2":{"start":{"line":3,"column":17},"end":{"line":3,"column":25}},"3":{"start":{"line":4,"column":4},"end":{"line":6,"column":5}},"4":{"start":{"line":5,"column":6},"end":{"line":5,"column":65}},"5":{"start":{"line":7,"column":4},"end":{"line":7,"column":10}}},"fnMap":{"0":{"name":"verifyRole","decl":{"start":{"line":1,"column":26},"end":{"line":1,"column":36}},"loc":{"start":{"line":1,"column":55},"end":{"line":9,"column":1}},"line":1},"1":{"name":"(anonymous_1)","decl":{"start":{"line":2,"column":9},"end":{"line":2,"column":10}},"loc":{"start":{"line":2,"column":29},"end":{"line":8,"column":3}},"line":2}},"branchMap":{"0":{"loc":{"start":{"line":4,"column":4},"end":{"line":6,"column":5}},"type":"if","locations":[{"start":{"line":4,"column":4},"end":{"line":6,"column":5}},{"start":{},"end":{}}],"line":4},"1":{"loc":{"start":{"line":4,"column":8},"end":{"line":4,"column":53}},"type":"binary-expr","locations":[{"start":{"line":4,"column":8},"end":{"line":4,"column":13}},{"start":{"line":4,"column":17},"end":{"line":4,"column":53}}],"line":4}},"s":{"0":2,"1":4,"2":0,"3":0,"4":0,"5":0},"f":{"0":4,"1":0},"b":{"0":[0,0],"1":[0,0]},"_coverageSchema":"1a1c01bbd47fc00a2c39e90264f33305004495a9","hash":"236345e9c1d05ec9fc5c9a1a23cd8ab2d64699c9"}
,"C:\\Users\\reno_\\OneDrive\\Desktop\\backend-app\\src\\middlewares\\verifyToken.js": {"path":"C:\\Users\\reno_\\OneDrive\\Desktop\\backend-app\\src\\middlewares\\verifyToken.js","statementMap":{"0":{"start":{"line":1,"column":12},"end":{"line":1,"column":35}},"1":{"start":{"line":3,"column":0},"end":{"line":17,"column":1}},"2":{"start":{"line":4,"column":21},"end":{"line":4,"column":46}},"3":{"start":{"line":5,"column":2},"end":{"line":5,"column":85}},"4":{"start":{"line":5,"column":19},"end":{"line":5,"column":85}},"5":{"start":{"line":8,"column":16},"end":{"line":8,"column":40}},"6":{"start":{"line":9,"column":2},"end":{"line":9,"column":75}},"7":{"start":{"line":9,"column":14},"end":{"line":9,"column":75}},"8":{"start":{"line":11,"column":2},"end":{"line":16,"column":4}},"9":{"start":{"line":12,"column":4},"end":{"line":12,"column":71}},"10":{"start":{"line":12,"column":13},"end":{"line":12,"column":71}},"11":{"start":{"line":14,"column":4},"end":{"line":14,"column":19}},"12":{"start":{"line":15,"column":4},"end":{"line":15,"column":10}}},"fnMap":{"0":{"name":"verifyToken","decl":{"start":{"line":3,"column":26},"end":{"line":3,"column":37}},"loc":{"start":{"line":3,"column":55},"end":{"line":17,"column":1}},"line":3},"1":{"name":"(anonymous_1)","decl":{"start":{"line":11,"column":44},"end":{"line":11,"column":45}},"loc":{"start":{"line":11,"column":59},"end":{"line":16,"column":3}},"line":11}},"branchMap":{"0":{"loc":{"start":{"line":5,"column":2},"end":{"line":5,"column":85}},"type":"if","locations":[{"start":{"line":5,"column":2},"end":{"line":5,"column":85}},{"start":{},"end":{}}],"line":5},"1":{"loc":{"start":{"line":9,"column":2},"end":{"line":9,"column":75}},"type":"if","locations":[{"start":{"line":9,"column":2},"end":{"line":9,"column":75}},{"start":{},"end":{}}],"line":9},"2":{"loc":{"start":{"line":12,"column":4},"end":{"line":12,"column":71}},"type":"if","locations":[{"start":{"line":12,"column":4},"end":{"line":12,"column":71}},{"start":{},"end":{}}],"line":12}},"s":{"0":2,"1":2,"2":0,"3":0,"4":0,"5":0,"6":0,"7":0,"8":0,"9":0,"10":0,"11":0,"12":0},"f":{"0":0,"1":0},"b":{"0":[0,0],"1":[0,0],"2":[0,0]},"_coverageSchema":"1a1c01bbd47fc00a2c39e90264f33305004495a9","hash":"f20f726fb6bcb25fe313a85da6500b776a123ea6"}
,"C:\\Users\\reno_\\OneDrive\\Desktop\\backend-app\\src\\middlewares\\validators\\auth.validator.js": {"path":"C:\\Users\\reno_\\OneDrive\\Desktop\\backend-app\\src\\middlewares\\validators\\auth.validator.js","statementMap":{"0":{"start":{"line":1,"column":35},"end":{"line":1,"column":63}},"1":{"start":{"line":4,"column":25},"end":{"line":16,"column":1}},"2":{"start":{"line":10,"column":19},"end":{"line":10,"column":40}},"3":{"start":{"line":11,"column":4},"end":{"line":13,"column":5}},"4":{"start":{"line":12,"column":6},"end":{"line":12,"column":61}},"5":{"start":{"line":14,"column":4},"end":{"line":14,"column":10}},"6":{"start":{"line":19,"column":22},"end":{"line":29,"column":1}},"7":{"start":{"line":23,"column":19},"end":{"line":23,"column":40}},"8":{"start":{"line":24,"column":4},"end":{"line":26,"column":5}},"9":{"start":{"line":25,"column":6},"end":{"line":25,"column":61}},"10":{"start":{"line":27,"column":4},"end":{"line":27,"column":10}},"11":{"start":{"line":31,"column":0},"end":{"line":34,"column":1}}},"fnMap":{"0":{"name":"(anonymous_0)","decl":{"start":{"line":9,"column":2},"end":{"line":9,"column":3}},"loc":{"start":{"line":9,"column":22},"end":{"line":15,"column":3}},"line":9},"1":{"name":"(anonymous_1)","decl":{"start":{"line":22,"column":2},"end":{"line":22,"column":3}},"loc":{"start":{"line":22,"column":22},"end":{"line":28,"column":3}},"line":22}},"branchMap":{"0":{"loc":{"start":{"line":11,"column":4},"end":{"line":13,"column":5}},"type":"if","locations":[{"start":{"line":11,"column":4},"end":{"line":13,"column":5}},{"start":{},"end":{}}],"line":11},"1":{"loc":{"start":{"line":24,"column":4},"end":{"line":26,"column":5}},"type":"if","locations":[{"start":{"line":24,"column":4},"end":{"line":26,"column":5}},{"start":{},"end":{}}],"line":24}},"s":{"0":2,"1":2,"2":5,"3":5,"4":0,"5":5,"6":2,"7":2,"8":2,"9":0,"10":2,"11":2},"f":{"0":5,"1":2},"b":{"0":[0,5],"1":[0,2]},"_coverageSchema":"1a1c01bbd47fc00a2c39e90264f33305004495a9","hash":"3c1bc72c9de63c888c9be9f129438da1690a675c"}
,"C:\\Users\\reno_\\OneDrive\\Desktop\\backend-app\\src\\middlewares\\validators\\service.validator.js": {"path":"C:\\Users\\reno_\\OneDrive\\Desktop\\backend-app\\src\\middlewares\\validators\\service.validator.js","statementMap":{"0":{"start":{"line":1,"column":35},"end":{"line":1,"column":63}},"1":{"start":{"line":4,"column":30},"end":{"line":19,"column":1}},"2":{"start":{"line":13,"column":19},"end":{"line":13,"column":40}},"3":{"start":{"line":14,"column":4},"end":{"line":16,"column":5}},"4":{"start":{"line":15,"column":6},"end":{"line":15,"column":61}},"5":{"start":{"line":17,"column":4},"end":{"line":17,"column":10}},"6":{"start":{"line":22,"column":30},"end":{"line":36,"column":1}},"7":{"start":{"line":30,"column":19},"end":{"line":30,"column":40}},"8":{"start":{"line":31,"column":4},"end":{"line":33,"column":5}},"9":{"start":{"line":32,"column":6},"end":{"line":32,"column":61}},"10":{"start":{"line":34,"column":4},"end":{"line":34,"column":10}},"11":{"start":{"line":38,"column":0},"end":{"line":41,"column":1}}},"fnMap":{"0":{"name":"(anonymous_0)","decl":{"start":{"line":12,"column":2},"end":{"line":12,"column":3}},"loc":{"start":{"line":12,"column":22},"end":{"line":18,"column":3}},"line":12},"1":{"name":"(anonymous_1)","decl":{"start":{"line":29,"column":2},"end":{"line":29,"column":3}},"loc":{"start":{"line":29,"column":22},"end":{"line":35,"column":3}},"line":29}},"branchMap":{"0":{"loc":{"start":{"line":14,"column":4},"end":{"line":16,"column":5}},"type":"if","locations":[{"start":{"line":14,"column":4},"end":{"line":16,"column":5}},{"start":{},"end":{}}],"line":14},"1":{"loc":{"start":{"line":31,"column":4},"end":{"line":33,"column":5}},"type":"if","locations":[{"start":{"line":31,"column":4},"end":{"line":33,"column":5}},{"start":{},"end":{}}],"line":31}},"s":{"0":2,"1":2,"2":0,"3":0,"4":0,"5":0,"6":2,"7":0,"8":0,"9":0,"10":0,"11":2},"f":{"0":0,"1":0},"b":{"0":[0,0],"1":[0,0]},"_coverageSchema":"1a1c01bbd47fc00a2c39e90264f33305004495a9","hash":"9fff0668ef54209b885fce301a5650c55bbe7a5e"}
,"C:\\Users\\reno_\\OneDrive\\Desktop\\backend-app\\src\\models\\Service.js": {"path":"C:\\Users\\reno_\\OneDrive\\Desktop\\backend-app\\src\\models\\Service.js","statementMap":{"0":{"start":{"line":20,"column":17},"end":{"line":20,"column":36}},"1":{"start":{"line":22,"column":22},"end":{"line":38,"column":24}},"2":{"start":{"line":40,"column":0},"end":{"line":40,"column":57}}},"fnMap":{},"branchMap":{},"s":{"0":3,"1":3,"2":3},"f":{},"b":{},"_coverageSchema":"1a1c01bbd47fc00a2c39e90264f33305004495a9","hash":"959dba1126ead59e9db53b2d2012346c733e5103"}
,"C:\\Users\\reno_\\OneDrive\\Desktop\\backend-app\\src\\models\\User.js": {"path":"C:\\Users\\reno_\\OneDrive\\Desktop\\backend-app\\src\\models\\User.js","statementMap":{"0":{"start":{"line":53,"column":17},"end":{"line":53,"column":36}},"1":{"start":{"line":55,"column":19},"end":{"line":77,"column":24}},"2":{"start":{"line":79,"column":0},"end":{"line":79,"column":51}}},"fnMap":{},"branchMap":{},"s":{"0":2,"1":2,"2":2},"f":{},"b":{},"_coverageSchema":"1a1c01bbd47fc00a2c39e90264f33305004495a9","hash":"3c9710d1d565e94cb98f93ad57e293ae8ebef618"}
,"C:\\Users\\reno_\\OneDrive\\Desktop\\backend-app\\src\\routes\\admin.routes.js": {"path":"C:\\Users\\reno_\\OneDrive\\Desktop\\backend-app\\src\\routes\\admin.routes.js","statementMap":{"0":{"start":{"line":39,"column":16},"end":{"line":39,"column":34}},"1":{"start":{"line":40,"column":15},"end":{"line":40,"column":31}},"2":{"start":{"line":41,"column":13},"end":{"line":41,"column":38}},"3":{"start":{"line":42,"column":15},"end":{"line":42,"column":32}},"4":{"start":{"line":44,"column":20},"end":{"line":44,"column":57}},"5":{"start":{"line":45,"column":19},"end":{"line":45,"column":55}},"6":{"start":{"line":48,"column":0},"end":{"line":71,"column":2}},"7":{"start":{"line":49,"column":2},"end":{"line":70,"column":3}},"8":{"start":{"line":50,"column":42},"end":{"line":50,"column":50}},"9":{"start":{"line":52,"column":19},"end":{"line":52,"column":48}},"10":{"start":{"line":53,"column":4},"end":{"line":53,"column":95}},"11":{"start":{"line":53,"column":16},"end":{"line":53,"column":95}},"12":{"start":{"line":55,"column":27},"end":{"line":55,"column":58}},"13":{"start":{"line":57,"column":23},"end":{"line":62,"column":6}},"14":{"start":{"line":64,"column":4},"end":{"line":64,"column":27}},"15":{"start":{"line":66,"column":4},"end":{"line":66,"column":67}},"16":{"start":{"line":68,"column":4},"end":{"line":68,"column":49}},"17":{"start":{"line":69,"column":4},"end":{"line":69,"column":61}},"18":{"start":{"line":74,"column":0},"end":{"line":79,"column":2}},"19":{"start":{"line":75,"column":2},"end":{"line":78,"column":4}},"20":{"start":{"line":81,"column":0},"end":{"line":81,"column":23}}},"fnMap":{"0":{"name":"(anonymous_0)","decl":{"start":{"line":48,"column":79},"end":{"line":48,"column":80}},"loc":{"start":{"line":48,"column":99},"end":{"line":71,"column":1}},"line":48},"1":{"name":"(anonymous_1)","decl":{"start":{"line":74,"column":75},"end":{"line":74,"column":76}},"loc":{"start":{"line":74,"column":89},"end":{"line":79,"column":1}},"line":74}},"branchMap":{"0":{"loc":{"start":{"line":53,"column":4},"end":{"line":53,"column":95}},"type":"if","locations":[{"start":{"line":53,"column":4},"end":{"line":53,"column":95}},{"start":{},"end":{}}],"line":53}},"s":{"0":2,"1":2,"2":2,"3":2,"4":2,"5":2,"6":2,"7":0,"8":0,"9":0,"10":0,"11":0,"12":0,"13":0,"14":0,"15":0,"16":0,"17":0,"18":2,"19":0,"20":2},"f":{"0":0,"1":0},"b":{"0":[0,0]},"_coverageSchema":"1a1c01bbd47fc00a2c39e90264f33305004495a9","hash":"4714f77d9ec8878e0253400423815df5457250b7"}
,"C:\\Users\\reno_\\OneDrive\\Desktop\\backend-app\\src\\routes\\auth.routes.js": {"path":"C:\\Users\\reno_\\OneDrive\\Desktop\\backend-app\\src\\routes\\auth.routes.js","statementMap":{"0":{"start":{"line":35,"column":16},"end":{"line":35,"column":34}},"1":{"start":{"line":36,"column":15},"end":{"line":36,"column":31}},"2":{"start":{"line":37,"column":23},"end":{"line":37,"column":64}},"3":{"start":{"line":38,"column":44},"end":{"line":38,"column":95}},"4":{"start":{"line":41,"column":0},"end":{"line":41,"column":67}},"5":{"start":{"line":42,"column":0},"end":{"line":42,"column":58}},"6":{"start":{"line":44,"column":0},"end":{"line":44,"column":23}}},"fnMap":{},"branchMap":{},"s":{"0":2,"1":2,"2":2,"3":2,"4":2,"5":2,"6":2},"f":{},"b":{},"_coverageSchema":"1a1c01bbd47fc00a2c39e90264f33305004495a9","hash":"140508360a26dee4c70097fc3e168f9e1746c924"}
,"C:\\Users\\reno_\\OneDrive\\Desktop\\backend-app\\src\\routes\\service.routes.js": {"path":"C:\\Users\\reno_\\OneDrive\\Desktop\\backend-app\\src\\routes\\service.routes.js","statementMap":{"0":{"start":{"line":54,"column":16},"end":{"line":54,"column":34}},"1":{"start":{"line":55,"column":15},"end":{"line":55,"column":31}},"2":{"start":{"line":57,"column":26},"end":{"line":57,"column":67}},"3":{"start":{"line":58,"column":23},"end":{"line":58,"column":64}},"4":{"start":{"line":59,"column":26},"end":{"line":59,"column":70}},"5":{"start":{"line":63,"column":4},"end":{"line":63,"column":58}},"6":{"start":{"line":64,"column":25},"end":{"line":64,"column":68}},"7":{"start":{"line":67,"column":0},"end":{"line":73,"column":1}},"8":{"start":{"line":76,"column":0},"end":{"line":76,"column":68}},"9":{"start":{"line":79,"column":0},"end":{"line":79,"column":71}},"10":{"start":{"line":82,"column":0},"end":{"line":89,"column":1}},"11":{"start":{"line":92,"column":0},"end":{"line":97,"column":1}},"12":{"start":{"line":99,"column":0},"end":{"line":99,"column":23}}},"fnMap":{},"branchMap":{},"s":{"0":2,"1":2,"2":2,"3":2,"4":2,"5":2,"6":2,"7":2,"8":2,"9":2,"10":2,"11":2,"12":2},"f":{},"b":{},"_coverageSchema":"1a1c01bbd47fc00a2c39e90264f33305004495a9","hash":"0b1fe02d83a017304bf70da90d64205a6b215565"}
,"C:\\Users\\reno_\\OneDrive\\Desktop\\backend-app\\src\\routes\\user.routes.js": {"path":"C:\\Users\\reno_\\OneDrive\\Desktop\\backend-app\\src\\routes\\user.routes.js","statementMap":{"0":{"start":{"line":1,"column":16},"end":{"line":1,"column":34}},"1":{"start":{"line":2,"column":15},"end":{"line":2,"column":31}},"2":{"start":{"line":3,"column":26},"end":{"line":3,"column":67}},"3":{"start":{"line":5,"column":0},"end":{"line":10,"column":2}},"4":{"start":{"line":6,"column":2},"end":{"line":9,"column":4}},"5":{"start":{"line":12,"column":0},"end":{"line":12,"column":23}}},"fnMap":{"0":{"name":"(anonymous_0)","decl":{"start":{"line":5,"column":42},"end":{"line":5,"column":43}},"loc":{"start":{"line":5,"column":56},"end":{"line":10,"column":1}},"line":5}},"branchMap":{},"s":{"0":2,"1":2,"2":2,"3":2,"4":0,"5":2},"f":{"0":0},"b":{},"_coverageSchema":"1a1c01bbd47fc00a2c39e90264f33305004495a9","hash":"99543952199ce6f944158b732c1b265035528216"}
,"C:\\Users\\reno_\\OneDrive\\Desktop\\backend-app\\tests\\setup.js": {"path":"C:\\Users\\reno_\\OneDrive\\Desktop\\backend-app\\tests\\setup.js","statementMap":{"0":{"start":{"line":1,"column":17},"end":{"line":1,"column":36}},"1":{"start":{"line":2,"column":30},"end":{"line":2,"column":62}},"2":{"start":{"line":6,"column":0},"end":{"line":37,"column":1}},"3":{"start":{"line":8,"column":4},"end":{"line":8,"column":50}},"4":{"start":{"line":9,"column":16},"end":{"line":9,"column":36}},"5":{"start":{"line":11,"column":4},"end":{"line":13,"column":6}},"6":{"start":{"line":17,"column":4},"end":{"line":28,"column":5}},"7":{"start":{"line":18,"column":6},"end":{"line":21,"column":7}},"8":{"start":{"line":19,"column":8},"end":{"line":19,"column":48}},"9":{"start":{"line":20,"column":8},"end":{"line":20,"column":41}},"10":{"start":{"line":22,"column":6},"end":{"line":24,"column":7}},"11":{"start":{"line":23,"column":8},"end":{"line":23,"column":32}},"12":{"start":{"line":26,"column":6},"end":{"line":26,"column":63}},"13":{"start":{"line":27,"column":6},"end":{"line":27,"column":15}},"14":{"start":{"line":32,"column":24},"end":{"line":32,"column":55}},"15":{"start":{"line":33,"column":4},"end":{"line":35,"column":5}},"16":{"start":{"line":34,"column":6},"end":{"line":34,"column":41}}},"fnMap":{"0":{"name":"(anonymous_0)","decl":{"start":{"line":7,"column":11},"end":{"line":7,"column":12}},"loc":{"start":{"line":7,"column":23},"end":{"line":14,"column":3}},"line":7},"1":{"name":"(anonymous_1)","decl":{"start":{"line":16,"column":17},"end":{"line":16,"column":18}},"loc":{"start":{"line":16,"column":29},"end":{"line":29,"column":3}},"line":16},"2":{"name":"(anonymous_2)","decl":{"start":{"line":31,"column":17},"end":{"line":31,"column":18}},"loc":{"start":{"line":31,"column":29},"end":{"line":36,"column":3}},"line":31}},"branchMap":{"0":{"loc":{"start":{"line":18,"column":6},"end":{"line":21,"column":7}},"type":"if","locations":[{"start":{"line":18,"column":6},"end":{"line":21,"column":7}},{"start":{},"end":{}}],"line":18},"1":{"loc":{"start":{"line":22,"column":6},"end":{"line":24,"column":7}},"type":"if","locations":[{"start":{"line":22,"column":6},"end":{"line":24,"column":7}},{"start":{},"end":{}}],"line":22}},"s":{"0":3,"1":3,"2":3,"3":3,"4":3,"5":3,"6":3,"7":3,"8":2,"9":2,"10":3,"11":3,"12":0,"13":0,"14":6,"15":6,"16":10},"f":{"0":3,"1":3,"2":6},"b":{"0":[2,1],"1":[3,0]},"_coverageSchema":"1a1c01bbd47fc00a2c39e90264f33305004495a9","hash":"2e79b651a19f6392b88e576d75d1496a193d4ded"}
}
