TN:
SF:src\app.js
FN:211,(anonymous_0)
FN:228,(anonymous_1)
FNF:2
FNH:1
FNDA:8,(anonymous_0)
FNDA:0,(anonymous_1)
DA:187,2
DA:188,2
DA:189,2
DA:190,2
DA:191,2
DA:194,2
DA:196,2
DA:199,2
DA:206,2
DA:207,2
DA:208,2
DA:209,2
DA:210,2
DA:211,2
DA:212,8
DA:213,8
DA:214,8
DA:218,2
DA:219,2
DA:220,2
DA:221,2
DA:223,2
DA:224,2
DA:225,2
DA:226,2
DA:228,2
DA:229,0
DA:232,2
LF:28
LH:27
BRDA:213,0,0,7
BRDA:213,0,1,1
BRF:2
BRH:2
end_of_record
TN:
SF:src\controllers\auth.controller.js
FN:121,(anonymous_0)
FN:151,(anonymous_1)
FNF:2
FNH:2
FNDA:5,(anonymous_0)
FNDA:2,(anonymous_1)
DA:117,2
DA:118,2
DA:119,2
DA:121,2
DA:122,5
DA:124,5
DA:126,5
DA:127,0
DA:131,5
DA:132,5
DA:133,1
DA:137,4
DA:138,4
DA:141,4
DA:142,4
DA:144,4
DA:146,0
DA:147,0
DA:151,2
DA:152,2
DA:154,2
DA:156,2
DA:157,0
DA:161,2
DA:162,2
DA:163,0
DA:167,2
DA:168,2
DA:169,1
DA:173,1
DA:183,1
DA:185,0
DA:186,0
LF:33
LH:26
BRDA:126,0,0,0
BRDA:126,0,1,5
BRDA:126,1,0,5
BRDA:126,1,1,5
BRDA:126,1,2,5
BRDA:132,2,0,1
BRDA:132,2,1,4
BRDA:156,3,0,0
BRDA:156,3,1,2
BRDA:156,4,0,2
BRDA:156,4,1,2
BRDA:162,5,0,0
BRDA:162,5,1,2
BRDA:168,6,0,1
BRDA:168,6,1,1
BRF:15
BRH:12
end_of_record
TN:
SF:src\controllers\service.controller.js
FN:179,(anonymous_0)
FN:197,(anonymous_1)
FN:206,(anonymous_2)
FN:217,(anonymous_3)
FN:241,(anonymous_4)
FNF:5
FNH:2
FNDA:1,(anonymous_0)
FNDA:1,(anonymous_1)
FNDA:0,(anonymous_2)
FNDA:0,(anonymous_3)
FNDA:0,(anonymous_4)
DA:176,3
DA:177,3
DA:179,3
DA:180,1
DA:181,1
DA:182,0
DA:185,1
DA:186,1
DA:190,1
DA:191,1
DA:193,0
DA:197,3
DA:198,1
DA:199,1
DA:200,1
DA:202,0
DA:206,3
DA:207,0
DA:208,0
DA:209,0
DA:213,0
DA:217,3
DA:218,0
DA:219,0
DA:220,0
DA:223,0
DA:224,0
DA:225,0
DA:226,0
DA:230,0
DA:231,0
DA:234,0
DA:235,0
DA:237,0
DA:241,3
DA:242,0
DA:243,0
DA:244,0
DA:245,0
DA:249,0
DA:250,0
DA:253,0
DA:254,0
DA:256,0
LF:44
LH:16
BRDA:181,0,0,0
BRDA:181,0,1,1
BRDA:209,1,0,0
BRDA:209,1,1,0
BRDA:219,2,0,0
BRDA:219,2,1,0
BRDA:225,3,0,0
BRDA:225,3,1,0
BRDA:230,4,0,0
BRDA:230,4,1,0
BRDA:230,5,0,0
BRDA:230,5,1,0
BRDA:244,6,0,0
BRDA:244,6,1,0
BRDA:249,7,0,0
BRDA:249,7,1,0
BRDA:249,8,0,0
BRDA:249,8,1,0
BRF:18
BRH:1
end_of_record
TN:
SF:src\middlewares\auth.middleware.js
FN:3,(anonymous_0)
FNF:1
FNH:1
FNDA:1,(anonymous_0)
DA:1,2
DA:3,2
DA:4,1
DA:5,1
DA:7,1
DA:8,0
DA:11,1
DA:12,1
DA:13,1
DA:14,1
DA:16,0
DA:20,2
LF:12
LH:10
BRDA:5,0,0,1
BRDA:5,0,1,1
BRDA:7,1,0,0
BRDA:7,1,1,1
BRF:4
BRH:3
end_of_record
TN:
SF:src\middlewares\handle.Validation.js
FN:3,handleValidation
FNF:1
FNH:0
FNDA:0,handleValidation
DA:1,2
DA:3,2
DA:4,0
DA:5,0
DA:6,0
DA:8,0
LF:6
LH:2
BRDA:5,0,0,0
BRDA:5,0,1,0
BRF:2
BRH:0
end_of_record
TN:
SF:src\middlewares\role.middleware.js
FN:2,(anonymous_0)
FN:3,(anonymous_1)
FNF:2
FNH:1
FNDA:6,(anonymous_0)
FNDA:0,(anonymous_1)
DA:2,2
DA:3,6
DA:4,0
DA:5,0
DA:6,0
DA:8,0
DA:12,2
LF:7
LH:3
BRDA:5,0,0,0
BRDA:5,0,1,0
BRF:2
BRH:0
end_of_record
TN:
SF:src\middlewares\verifyRole.js
FN:1,verifyRole
FN:2,(anonymous_1)
FNF:2
FNH:1
FNDA:4,verifyRole
FNDA:0,(anonymous_1)
DA:1,2
DA:2,4
DA:3,0
DA:4,0
DA:5,0
DA:7,0
LF:6
LH:2
BRDA:4,0,0,0
BRDA:4,0,1,0
BRDA:4,1,0,0
BRDA:4,1,1,0
BRF:4
BRH:0
end_of_record
TN:
SF:src\middlewares\verifyToken.js
FN:3,verifyToken
FN:11,(anonymous_1)
FNF:2
FNH:0
FNDA:0,verifyToken
FNDA:0,(anonymous_1)
DA:1,2
DA:3,2
DA:4,0
DA:5,0
DA:8,0
DA:9,0
DA:11,0
DA:12,0
DA:14,0
DA:15,0
LF:10
LH:2
BRDA:5,0,0,0
BRDA:5,0,1,0
BRDA:9,1,0,0
BRDA:9,1,1,0
BRDA:12,2,0,0
BRDA:12,2,1,0
BRF:6
BRH:0
end_of_record
TN:
SF:src\middlewares\validators\auth.validator.js
FN:9,(anonymous_0)
FN:22,(anonymous_1)
FNF:2
FNH:2
FNDA:5,(anonymous_0)
FNDA:2,(anonymous_1)
DA:1,2
DA:4,2
DA:10,5
DA:11,5
DA:12,0
DA:14,5
DA:19,2
DA:23,2
DA:24,2
DA:25,0
DA:27,2
DA:31,2
LF:12
LH:10
BRDA:11,0,0,0
BRDA:11,0,1,5
BRDA:24,1,0,0
BRDA:24,1,1,2
BRF:4
BRH:2
end_of_record
TN:
SF:src\middlewares\validators\service.validator.js
FN:12,(anonymous_0)
FN:29,(anonymous_1)
FNF:2
FNH:0
FNDA:0,(anonymous_0)
FNDA:0,(anonymous_1)
DA:1,2
DA:4,2
DA:13,0
DA:14,0
DA:15,0
DA:17,0
DA:22,2
DA:30,0
DA:31,0
DA:32,0
DA:34,0
DA:38,2
LF:12
LH:4
BRDA:14,0,0,0
BRDA:14,0,1,0
BRDA:31,1,0,0
BRDA:31,1,1,0
BRF:4
BRH:0
end_of_record
TN:
SF:src\models\Service.js
FNF:0
FNH:0
DA:20,3
DA:22,3
DA:40,3
LF:3
LH:3
BRF:0
BRH:0
end_of_record
TN:
SF:src\models\User.js
FNF:0
FNH:0
DA:53,2
DA:55,2
DA:79,2
LF:3
LH:3
BRF:0
BRH:0
end_of_record
TN:
SF:src\routes\admin.routes.js
FN:48,(anonymous_0)
FN:74,(anonymous_1)
FNF:2
FNH:0
FNDA:0,(anonymous_0)
FNDA:0,(anonymous_1)
DA:39,2
DA:40,2
DA:41,2
DA:42,2
DA:44,2
DA:45,2
DA:48,2
DA:49,0
DA:50,0
DA:52,0
DA:53,0
DA:55,0
DA:57,0
DA:64,0
DA:66,0
DA:68,0
DA:69,0
DA:74,2
DA:75,0
DA:81,2
LF:20
LH:9
BRDA:53,0,0,0
BRDA:53,0,1,0
BRF:2
BRH:0
end_of_record
TN:
SF:src\routes\auth.routes.js
FNF:0
FNH:0
DA:35,2
DA:36,2
DA:37,2
DA:38,2
DA:41,2
DA:42,2
DA:44,2
LF:7
LH:7
BRF:0
BRH:0
end_of_record
TN:
SF:src\routes\service.routes.js
FNF:0
FNH:0
DA:54,2
DA:55,2
DA:57,2
DA:58,2
DA:59,2
DA:63,2
DA:64,2
DA:67,2
DA:76,2
DA:79,2
DA:82,2
DA:92,2
DA:99,2
LF:13
LH:13
BRF:0
BRH:0
end_of_record
TN:
SF:src\routes\user.routes.js
FN:5,(anonymous_0)
FNF:1
FNH:0
FNDA:0,(anonymous_0)
DA:1,2
DA:2,2
DA:3,2
DA:5,2
DA:6,0
DA:12,2
LF:6
LH:5
BRF:0
BRH:0
end_of_record
TN:
SF:tests\setup.js
FN:7,(anonymous_0)
FN:16,(anonymous_1)
FN:31,(anonymous_2)
FNF:3
FNH:3
FNDA:3,(anonymous_0)
FNDA:3,(anonymous_1)
FNDA:6,(anonymous_2)
DA:1,3
DA:2,3
DA:6,3
DA:8,3
DA:9,3
DA:11,3
DA:17,3
DA:18,3
DA:19,2
DA:20,2
DA:22,3
DA:23,3
DA:26,0
DA:27,0
DA:32,6
DA:33,6
DA:34,10
LF:17
LH:15
BRDA:18,0,0,2
BRDA:18,0,1,1
BRDA:22,1,0,3
BRDA:22,1,1,0
BRF:4
BRH:3
end_of_record
